Sat Apr 07 2018 09:30:48 GMT-0700 (PDT): GET - /about
Sat Apr 07 2018 09:31:16 GMT-0700 (PDT): GET - /about
Sat Apr 07 2018 09:31:42 GMT-0700 (PDT): GET - /
Sat Apr 07 2018 09:31:44 GMT-0700 (PDT): GET - /about
Sat Apr 07 2018 15:32:57 GMT-0700 (PDT): GET - /about
Sat Apr 07 2018 15:32:57 GMT-0700 (PDT): GET - /favicon.ico
Sat Apr 07 2018 15:32:59 GMT-0700 (PDT): GET - /about
Sat Apr 07 2018 15:32:59 GMT-0700 (PDT): GET - /favicon.ico
Sat Apr 07 2018 15:33:01 GMT-0700 (PDT): GET - /
Sat Apr 07 2018 15:33:01 GMT-0700 (PDT): GET - /favicon.ico
Sat Apr 07 2018 15:33:04 GMT-0700 (PDT): GET - /about
Sat Apr 07 2018 15:33:04 GMT-0700 (PDT): GET - /favicon.ico
Sat Apr 07 2018 15:35:23 GMT-0700 (PDT): GET - /about
Sat Apr 07 2018 15:35:23 GMT-0700 (PDT): GET - /favicon.ico
Sat Apr 07 2018 15:35:25 GMT-0700 (PDT): GET - /about
Sat Apr 07 2018 15:35:25 GMT-0700 (PDT): GET - /favicon.ico
Sat Apr 07 2018 15:37:14 GMT-0700 (PDT): GET - /about
Sat Apr 07 2018 15:37:15 GMT-0700 (PDT): GET - /favicon.ico
Sat Apr 07 2018 15:37:16 GMT-0700 (PDT): GET - /
Sat Apr 07 2018 15:37:17 GMT-0700 (PDT): GET - /about
Sun Apr 08 2018 09:34:37 GMT-0700 (PDT): GET - /
Sun Apr 08 2018 09:34:37 GMT-0700 (PDT): GET - /favicon.ico
Sun Apr 08 2018 09:42:02 GMT-0700 (PDT): GET - /
Sun Apr 08 2018 09:42:04 GMT-0700 (PDT): GET - /
Sun Apr 08 2018 09:42:06 GMT-0700 (PDT): GET - /
Sun Apr 08 2018 09:42:06 GMT-0700 (PDT): GET - /about
